C:\USERS\MRZHANG\DOCUMENTS\VISUAL STUDIO 2010\PROJECTS\多文件编程\DEBUG\多文件编程.EXE
C:\USERS\MRZHANG\DOCUMENTS\VISUAL STUDIO 2010\PROJECTS\多文件编程\DEBUG\多文件编程.ILK
C:\USERS\MRZHANG\DOCUMENTS\VISUAL STUDIO 2010\PROJECTS\多文件编程\DEBUG\多文件编程.PDB
C:\Users\mrzhang\Documents\Visual Studio 2010\Projects\多文件编程\多文件编程\Debug\cl.command.1.tlog
C:\Users\mrzhang\Documents\Visual Studio 2010\Projects\多文件编程\多文件编程\Debug\CL.read.1.tlog
C:\Users\mrzhang\Documents\Visual Studio 2010\Projects\多文件编程\多文件编程\Debug\CL.write.1.tlog
C:\USERS\MRZHANG\DOCUMENTS\VISUAL STUDIO 2010\PROJECTS\多文件编程\多文件编程\DEBUG\CMAIN.OBJ
C:\USERS\MRZHANG\DOCUMENTS\VISUAL STUDIO 2010\PROJECTS\多文件编程\多文件编程\DEBUG\D3.OBJ
C:\Users\mrzhang\Documents\Visual Studio 2010\Projects\多文件编程\多文件编程\Debug\link.10384.read.1.tlog
C:\Users\mrzhang\Documents\Visual Studio 2010\Projects\多文件编程\多文件编程\Debug\link.10384.write.1.tlog
C:\Users\mrzhang\Documents\Visual Studio 2010\Projects\多文件编程\多文件编程\Debug\link.10384-cvtres.read.1.tlog
C:\Users\mrzhang\Documents\Visual Studio 2010\Projects\多文件编程\多文件编程\Debug\link.10384-cvtres.write.1.tlog
C:\Users\mrzhang\Documents\Visual Studio 2010\Projects\多文件编程\多文件编程\Debug\link.command.1.tlog
C:\Users\mrzhang\Documents\Visual Studio 2010\Projects\多文件编程\多文件编程\Debug\link.read.1.tlog
C:\Users\mrzhang\Documents\Visual Studio 2010\Projects\多文件编程\多文件编程\Debug\link.write.1.tlog
C:\Users\mrzhang\Documents\Visual Studio 2010\Projects\多文件编程\多文件编程\Debug\link-cvtres.read.1.tlog
C:\Users\mrzhang\Documents\Visual Studio 2010\Projects\多文件编程\多文件编程\Debug\link-cvtres.write.1.tlog
C:\Users\mrzhang\Documents\Visual Studio 2010\Projects\多文件编程\多文件编程\Debug\mt.command.1.tlog
C:\Users\mrzhang\Documents\Visual Studio 2010\Projects\多文件编程\多文件编程\Debug\mt.read.1.tlog
C:\Users\mrzhang\Documents\Visual Studio 2010\Projects\多文件编程\多文件编程\Debug\mt.write.1.tlog
C:\Users\mrzhang\Documents\Visual Studio 2010\Projects\多文件编程\多文件编程\Debug\rc.command.1.tlog
C:\Users\mrzhang\Documents\Visual Studio 2010\Projects\多文件编程\多文件编程\Debug\rc.read.1.tlog
C:\Users\mrzhang\Documents\Visual Studio 2010\Projects\多文件编程\多文件编程\Debug\rc.write.1.tlog
C:\USERS\MRZHANG\DOCUMENTS\VISUAL STUDIO 2010\PROJECTS\多文件编程\多文件编程\DEBUG\SUANSHU.OBJ
C:\Users\mrzhang\Documents\Visual Studio 2010\Projects\多文件编程\多文件编程\Debug\vc100.idb
C:\USERS\MRZHANG\DOCUMENTS\VISUAL STUDIO 2010\PROJECTS\多文件编程\多文件编程\DEBUG\VC100.PDB
C:\USERS\MRZHANG\DOCUMENTS\VISUAL STUDIO 2010\PROJECTS\多文件编程\多文件编程\DEBUG\多文件编程.EXE.EMBED.MANIFEST
C:\USERS\MRZHANG\DOCUMENTS\VISUAL STUDIO 2010\PROJECTS\多文件编程\多文件编程\DEBUG\多文件编程.EXE.EMBED.MANIFEST.RES
C:\USERS\MRZHANG\DOCUMENTS\VISUAL STUDIO 2010\PROJECTS\多文件编程\多文件编程\DEBUG\多文件编程.EXE.INTERMEDIATE.MANIFEST
C:\Users\mrzhang\Documents\Visual Studio 2010\Projects\多文件编程\多文件编程\Debug\多文件编程.write.1.tlog
C:\Users\mrzhang\Documents\Visual Studio 2010\Projects\多文件编程\多文件编程\Debug\多文件编程_manifest.rc
